<?xml version="1.0" encoding="utf-8"?><testsuites><testsuite errors="0" failures="0" hostname="becb358a3c19" name="pytest" skipped="0" tests="10" time="4.295" timestamp="2020-06-16T23:04:12.613198"><testcase classname="test_submit" file="test_submit.py" line="3" name="test_q1" time="0.001"></testcase><testcase classname="test_submit" file="test_submit.py" line="10" name="test_q2" time="0.081"></testcase><testcase classname="test_submit" file="test_submit.py" line="16" name="test_q3" time="0.007"></testcase><testcase classname="test_submit" file="test_submit.py" line="22" name="test_q4" time="0.001"></testcase><testcase classname="test_submit" file="test_submit.py" line="28" name="test_q5" time="2.974"></testcase><testcase classname="test_submit" file="test_submit.py" line="35" name="test_q6" time="0.078"></testcase><testcase classname="test_submit" file="test_submit.py" line="41" name="test_q7" time="0.011"></testcase><testcase classname="test_submit" file="test_submit.py" line="47" name="test_q8" time="0.001"></testcase><testcase classname="test_submit" file="test_submit.py" line="54" name="test_q9" time="0.169"></testcase><testcase classname="test_submit" file="test_submit.py" line="60" name="test_q10" time="0.084"></testcase></testsuite></testsuites>